

Microchip Technology PIC18 LITE Macro Assembler V1.34 build -361300703 
                                                                                               Tue Sep 16 16:39:26 2025

Microchip Technology Omniscient Code Generator (Lite mode) build 201502162209
     1                           	processor	18F4620
     2                           	fnconf	rparam,??,?,0
     3                           	opt	pw 120
     4                           	opt	lm
     5                           	psect	text0,global,reloc=2,class=CODE,delta=1
     6                           	psect	cinit,global,reloc=2,class=CODE,delta=1
     7                           	psect	cstackCOMRAM,global,class=COMRAM,space=1,delta=1
     8                           	psect	text1,global,reloc=2,class=CODE,delta=1
     9                           	psect	intsave_regs,global,class=BIGRAM,space=1,delta=1
    10                           	psect	rparam,global,class=COMRAM,space=1,delta=1
    11  0000                     _ADCON1	set	4033
    12  0000                     _PORTC	set	3970
    13  0000                     _TRISA	set	3986
    14  0000                     _TRISB	set	3987
    15  0000                     _TRISC	set	3988
    16  0000                     _TRISD	set	3989
    17                           
    18 ;;
    19 ;;Main: autosize = 0, tempsize = 0, incstack = 0, save=0
    20 ;;
    21 ;; *************** function _main *****************
    22 ;; Defined at:
    23 ;;		line 15 in file "lab2p3.c"
    24 ;; Parameters:    Size  Location     Type
    25 ;;		None
    26 ;; Auto vars:     Size  Location     Type
    27 ;;  i               1    2[COMRAM] unsigned char 
    28 ;; Return value:  Size  Location     Type
    29 ;;		None               void
    30 ;; Registers used:
    31 ;;		wreg, status,2, status,0, cstack
    32 ;; Tracked objects:
    33 ;;		On entry : 0/0
    34 ;;		On exit  : 0/0
    35 ;;		Unchanged: 0/0
    36 ;; Data sizes:     COMRAM   BANK0   BANK1   BANK2   BANK3   BANK4   BANK5   BANK6   BANK7   BANK8   BANK9  BANK10  BANK1
      +1  BANK12  BANK13  BANK14  BANK15
    37 ;;      Params:         0       0       0       0       0       0       0       0       0       0       0       0       
      +0       0       0       0       0
    38 ;;      Locals:         1       0       0       0       0       0       0       0       0       0       0       0       
      +0       0       0       0       0
    39 ;;      Temps:          0       0       0       0       0       0       0       0       0       0       0       0       
      +0       0       0       0       0
    40 ;;      Totals:         1       0       0       0       0       0       0       0       0       0       0       0       
      +0       0       0       0       0
    41 ;;Total ram usage:        1 bytes
    42 ;; Hardware stack levels required when called:    1
    43 ;; This function calls:
    44 ;;		_Delay_One_Sec
    45 ;; This function is called by:
    46 ;;		Startup code after reset
    47 ;; This function uses a non-reentrant model
    48 ;;
    49                           
    50                           	psect	text0
    51  00FFD0                     __ptext0:
    52                           	opt stack 0
    53  00FFD0                     _main:
    54                           	opt stack 30
    55                           
    56                           ;lab2p3.c: 17: TRISA =0xFF;
    57                           
    58                           ;incstack = 0
    59  00FFD0  6892               	setf	3986,c	;volatile
    60                           
    61                           ;lab2p3.c: 18: TRISB =0x00;
    62  00FFD2  0E00               	movlw	0
    63  00FFD4  6E93               	movwf	3987,c	;volatile
    64                           
    65                           ;lab2p3.c: 19: TRISC =0x00;
    66  00FFD6  0E00               	movlw	0
    67  00FFD8  6E94               	movwf	3988,c	;volatile
    68                           
    69                           ;lab2p3.c: 20: TRISD = 0x00;
    70  00FFDA  0E00               	movlw	0
    71  00FFDC  6E95               	movwf	3989,c	;volatile
    72                           
    73                           ;lab2p3.c: 22: ADCON1 =0x0F;
    74  00FFDE  0E0F               	movlw	15
    75  00FFE0  6EC1               	movwf	4033,c	;volatile
    76  00FFE2                     l17:
    77                           
    78                           ;lab2p3.c: 25: {
    79                           ;lab2p3.c: 26: for (char i=0; i<8; i++)
    80  00FFE2  0E00               	movlw	0
    81  00FFE4  6E03               	movwf	main@i,c
    82  00FFE6                     l623:
    83  00FFE6  0E07               	movlw	7
    84  00FFE8  6403               	cpfsgt	main@i,c
    85  00FFEA  D001               	goto	l18
    86  00FFEC  D7FA               	goto	l17
    87  00FFEE                     l18:
    88                           
    89                           ;lab2p3.c: 27: {
    90                           ;lab2p3.c: 28: PORTC = i;
    91  00FFEE  C003  FF82         	movff	main@i,3970	;volatile
    92                           
    93                           ;lab2p3.c: 29: Delay_One_Sec();
    94  00FFF2  ECD6  F07F         	call	_Delay_One_Sec	;wreg free
    95  00FFF6  2A03               	incf	main@i,f,c
    96  00FFF8  D7F6               	goto	l623
    97  00FFFA  D7F3               	goto	l17
    98  00FFFC  EF00  F000         	goto	start
    99  010000                     __end_of_main:
   100                           	opt stack 0
   101                           
   102                           	psect	cinit
   103  00FFA6                     __pcinit:
   104                           	opt stack 0
   105  00FFA6                     start_initialization:
   106                           	opt stack 0
   107  00FFA6                     __initialization:
   108                           	opt stack 0
   109  00FFA6                     end_of_initialization:
   110                           	opt stack 0
   111  00FFA6                     __end_of__initialization:
   112                           	opt stack 0
   113  00FFA6  0100               	movlb	0
   114  00FFA8  EFE8  F07F         	goto	_main	;jump to C main() function
   115                           
   116                           	psect	cstackCOMRAM
   117  000001                     __pcstackCOMRAM:
   118                           	opt stack 0
   119  000001                     Delay_One_Sec@I:
   120                           	opt stack 0
   121                           
   122                           ; 2 bytes @ 0x0
   123  000001                     	ds	2
   124  000003                     main@i:
   125                           	opt stack 0
   126                           
   127                           ; 1 bytes @ 0x2
   128  000003                     	ds	1
   129                           
   130 ;; *************** function _Delay_One_Sec *****************
   131 ;; Defined at:
   132 ;;		line 37 in file "lab2p3.c"
   133 ;; Parameters:    Size  Location     Type
   134 ;;		None
   135 ;; Auto vars:     Size  Location     Type
   136 ;;  I               2    0[COMRAM] int 
   137 ;; Return value:  Size  Location     Type
   138 ;;		None               void
   139 ;; Registers used:
   140 ;;		wreg, status,2, status,0
   141 ;; Tracked objects:
   142 ;;		On entry : 0/0
   143 ;;		On exit  : 0/0
   144 ;;		Unchanged: 0/0
   145 ;; Data sizes:     COMRAM   BANK0   BANK1   BANK2   BANK3   BANK4   BANK5   BANK6   BANK7   BANK8   BANK9  BANK10  BANK1
      +1  BANK12  BANK13  BANK14  BANK15
   146 ;;      Params:         0       0       0       0       0       0       0       0       0       0       0       0       
      +0       0       0       0       0
   147 ;;      Locals:         2       0       0       0       0       0       0       0       0       0       0       0       
      +0       0       0       0       0
   148 ;;      Temps:          0       0       0       0       0       0       0       0       0       0       0       0       
      +0       0       0       0       0
   149 ;;      Totals:         2       0       0       0       0       0       0       0       0       0       0       0       
      +0       0       0       0       0
   150 ;;Total ram usage:        2 bytes
   151 ;; Hardware stack levels used:    1
   152 ;; This function calls:
   153 ;;		Nothing
   154 ;; This function is called by:
   155 ;;		_main
   156 ;; This function uses a non-reentrant model
   157 ;;
   158                           
   159                           	psect	text1
   160  00FFAC                     __ptext1:
   161                           	opt stack 0
   162  00FFAC                     _Delay_One_Sec:
   163                           	opt stack 30
   164                           
   165                           ;lab2p3.c: 39: for (int I=0; I <17000; I++);
   166                           
   167                           ;incstack = 0
   168  00FFAC  0E00               	movlw	0
   169  00FFAE  6E02               	movwf	Delay_One_Sec@I+1,c
   170  00FFB0  0E00               	movlw	0
   171  00FFB2  6E01               	movwf	Delay_One_Sec@I,c
   172  00FFB4                     l611:
   173  00FFB4  BE02               	btfsc	Delay_One_Sec@I+1,7,c
   174  00FFB6  D008               	goto	l615
   175  00FFB8  0E68               	movlw	104
   176  00FFBA  5C01               	subwf	Delay_One_Sec@I,w,c
   177  00FFBC  0E42               	movlw	66
   178  00FFBE  5802               	subwfb	Delay_One_Sec@I+1,w,c
   179  00FFC0  B0D8               	btfsc	status,0,c
   180  00FFC2  D005               	goto	l27
   181  00FFC4  D001               	goto	l615
   182  00FFC6  D003               	goto	l27
   183  00FFC8                     l615:
   184  00FFC8  4A01               	infsnz	Delay_One_Sec@I,f,c
   185  00FFCA  2A02               	incf	Delay_One_Sec@I+1,f,c
   186  00FFCC  D7F3               	goto	l611
   187  00FFCE                     l27:
   188  00FFCE  0012               	return		;funcret
   189  00FFD0                     __end_of_Delay_One_Sec:
   190                           	opt stack 0
   191  0000                     status	equ	0xFD8
   192                           status	equ	0xFD8
   193                           
   194                           	psect	rparam
   195  0000                     status	equ	0xFD8


Data Sizes:
    Strings     0
    Constant    0
    Data        0
    BSS         0
    Persistent  0
    Stack       0

Auto Spaces:
    Space          Size  Autos    Used
    COMRAM          127      3       3
    BANK0           128      0       0
    BANK1           256      0       0
    BANK2           256      0       0
    BANK3           256      0       0
    BANK4           256      0       0
    BANK5           256      0       0
    BANK6           256      0       0
    BANK7           256      0       0
    BANK8           256      0       0
    BANK9           256      0       0
    BANK10          256      0       0
    BANK11          256      0       0
    BANK12          256      0       0
    BANK13          256      0       0
    BANK14          256      0       0
    BANK15          128      0       0

Pointer List with Targets:

    None.

Critical Paths under _main in COMRAM

    _main->_Delay_One_Sec

Critical Paths under _main in BANK0

    None.

Critical Paths under _main in BANK1

    None.

Critical Paths under _main in BANK2

    None.

Critical Paths under _main in BANK3

    None.

Critical Paths under _main in BANK4

    None.

Critical Paths under _main in BANK5

    None.

Critical Paths under _main in BANK6

    None.

Critical Paths under _main in BANK7

    None.

Critical Paths under _main in BANK8

    None.

Critical Paths under _main in BANK9

    None.

Critical Paths under _main in BANK10

    None.

Critical Paths under _main in BANK11

    None.

Critical Paths under _main in BANK12

    None.

Critical Paths under _main in BANK13

    None.

Critical Paths under _main in BANK14

    None.

Critical Paths under _main in BANK15

    None.

Call Graph Tables:

 ---------------------------------------------------------------------------------
 (Depth) Function   	        Calls       Base Space   Used Autos Params    Refs
 ---------------------------------------------------------------------------------
 (0) _main                                                 1     1      0      75
                                              2 COMRAM     1     1      0
                      _Delay_One_Sec
 ---------------------------------------------------------------------------------
 (1) _Delay_One_Sec                                        2     2      0      30
                                              0 COMRAM     2     2      0
 ---------------------------------------------------------------------------------
 Estimated maximum stack depth 1
 ---------------------------------------------------------------------------------

 Call Graph Graphs:

 _main (ROOT)
   _Delay_One_Sec

 Address spaces:
Name               Size   Autos  Total    Cost      Usage
BITCOMRAM           7F      0       0       0        0.0%
EEDATA             400      0       0       0        0.0%
NULL                 0      0       0       0        0.0%
CODE                 0      0       0       0        0.0%
COMRAM              7F      3       3       1        2.4%
STACK                0      0       0       2        0.0%
DATA                 0      0       0       3        0.0%
BITBANK0            80      0       0       4        0.0%
BANK0               80      0       0       5        0.0%
BITBANK1           100      0       0       6        0.0%
BANK1              100      0       0       7        0.0%
BITBANK2           100      0       0       8        0.0%
BANK2              100      0       0       9        0.0%
BITBANK3           100      0       0      10        0.0%
BANK3              100      0       0      11        0.0%
BITBANK4           100      0       0      12        0.0%
BANK4              100      0       0      13        0.0%
BITBANK5           100      0       0      14        0.0%
BANK5              100      0       0      15        0.0%
BITBANK6           100      0       0      16        0.0%
BANK6              100      0       0      17        0.0%
BITBANK7           100      0       0      18        0.0%
BANK7              100      0       0      19        0.0%
BITBANK8           100      0       0      20        0.0%
BANK8              100      0       0      21        0.0%
BITBANK9           100      0       0      22        0.0%
BANK9              100      0       0      23        0.0%
BITBANK10          100      0       0      24        0.0%
BANK10             100      0       0      25        0.0%
BITBANK11          100      0       0      26        0.0%
BANK11             100      0       0      27        0.0%
BITBANK12          100      0       0      28        0.0%
BANK12             100      0       0      29        0.0%
BITBANK13          100      0       0      30        0.0%
BANK13             100      0       0      31        0.0%
BITBANK14          100      0       0      32        0.0%
BANK14             100      0       0      33        0.0%
ABS                  0      0       0      34        0.0%
BITBANK15           80      0       0      35        0.0%
BANK15              80      0       0      36        0.0%
BIGRAM             F7F      0       0      37        0.0%
BITSFR               0      0       0      40        0.0%
SFR                  0      0       0      40        0.0%


Microchip Technology PIC18 Macro Assembler V1.34 build -361300703 
Symbol Table                                                                                   Tue Sep 16 16:39:26 2025

                     l17 FFE2                       l18 FFEE                       l27 FFCE  
                    l611 FFB4                      l615 FFC8                      l623 FFE6  
           __CFG_LVP$OFF 000000             __CFG_WDT$OFF 000000                     _main FFD0  
                   start 0000             ___param_bank 000010                    ?_main 0001  
                  _PORTC 000F82                    _TRISA 000F92                    _TRISB 000F93  
                  _TRISC 000F94                    _TRISD 000F95                    main@i 0003  
         __CFG_BOREN$OFF 000000                    status 000FD8          __initialization FFA6  
           __end_of_main 0000                   ??_main 0003            __activetblptr 000000  
                 _ADCON1 000FC1               __accesstop 0080  __end_of__initialization FFA6  
          ___rparam_used 000001           __pcstackCOMRAM 0001           Delay_One_Sec@I 0001  
 __size_of_Delay_One_Sec 0024                  __Hparam 0000                  __Lparam 0000  
                __pcinit FFA6                  __ramtop 1000                  __ptext0 FFD0  
                __ptext1 FFAC     end_of_initialization FFA6            _Delay_One_Sec FFAC  
         ?_Delay_One_Sec 0001      start_initialization FFA6         __CFG_OSC$INTIO67 000000  
        ??_Delay_One_Sec 0001                 __Hrparam 0000                 __Lrparam 0000  
          __size_of_main 0030    __end_of_Delay_One_Sec FFD0  
