

Microchip Technology PIC18 LITE Macro Assembler V1.34 build -361300703 
                                                                                               Tue Oct 14 16:46:24 2025

Microchip Technology Omniscient Code Generator (Lite mode) build 201502162209
     1                           	processor	18F4620
     2                           	fnconf	rparam,??,?,0
     3                           	opt	pw 120
     4                           	opt	lm
     5                           	psect	smallconst,global,reloc=2,class=SMALLCONST,delta=1
     6                           	psect	cinit,global,reloc=2,class=CODE,delta=1
     7                           	psect	bssCOMRAM,global,class=COMRAM,space=1,delta=1
     8                           	psect	cstackCOMRAM,global,class=COMRAM,space=1,delta=1
     9                           	psect	text0,global,reloc=2,class=CODE,delta=1
    10                           	psect	text1,global,reloc=2,class=CODE,delta=1
    11                           	psect	text2,global,reloc=2,class=CODE,delta=1
    12                           	psect	text3,global,reloc=2,class=CODE,delta=1
    13                           	psect	text4,global,reloc=2,class=CODE,delta=1
    14                           	psect	text5,global,reloc=2,class=CODE,delta=1
    15                           	psect	text6,global,reloc=2,class=CODE,delta=1
    16                           	psect	text7,global,reloc=2,class=CODE,delta=1
    17                           	psect	intsave_regs,global,class=BIGRAM,space=1,delta=1
    18                           	psect	rparam,global,class=COMRAM,space=1,delta=1
    19  0000                     
    20                           	psect	smallconst
    21  001000                     __psmallconst:
    22                           	opt stack 0
    23  001000  00                 	db	0
    24  001001  0001               	dw	1
    25  001003  0000               	dw	0
    26  001005  000A               	dw	10
    27  001007  0000               	dw	0
    28  001009  0064               	dw	100
    29  00100B  0000               	dw	0
    30  00100D  03E8               	dw	1000
    31  00100F  0000               	dw	0
    32  001011  2710               	dw	10000
    33  001013  0000               	dw	0
    34  001015  86A0               	dw	34464
    35  001017  0001               	dw	1
    36  001019  4240               	dw	16960
    37  00101B  000F               	dw	15
    38  00101D  9680               	dw	38528
    39  00101F  0098               	dw	152
    40  001021  E100               	dw	57600
    41  001023  05F5               	dw	1525
    42  001025  CA00               	dw	51712
    43  001027  3B9A               	dw	15258
    44  001029                     __end_of_dpowers:
    45                           	opt stack 0
    46  001029  00                 	db	0
    47  00102A  80                 	db	128
    48  00102B  3F                 	db	63
    49  00102C  CD                 	db	205
    50  00102D  CC                 	db	204
    51  00102E  3D                 	db	61
    52  00102F  D7                 	db	215
    53  001030  23                 	db	35
    54  001031  3C                 	db	60
    55  001032  12                 	db	18
    56  001033  83                 	db	131
    57  001034  3A                 	db	58
    58  001035  B7                 	db	183
    59  001036  D1                 	db	209
    60  001037  38                 	db	56
    61  001038  C6                 	db	198
    62  001039  27                 	db	39
    63  00103A  37                 	db	55
    64  00103B  38                 	db	56
    65  00103C  86                 	db	134
    66  00103D  35                 	db	53
    67  00103E  C0                 	db	192
    68  00103F  D6                 	db	214
    69  001040  33                 	db	51
    70  001041  CC                 	db	204
    71  001042  2B                 	db	43
    72  001043  32                 	db	50
    73  001044  70                 	db	112
    74  001045  89                 	db	137
    75  001046  30                 	db	48
    76  001047  E7                 	db	231
    77  001048  DB                 	db	219
    78  001049  2E                 	db	46
    79  00104A  E5                 	db	229
    80  00104B  3C                 	db	60
    81  00104C  1E                 	db	30
    82  00104D  42                 	db	66
    83  00104E  A2                 	db	162
    84  00104F  0D                 	db	13
    85  001050                     __end_of__npowers_:
    86                           	opt stack 0
    87  001050  00                 	db	0
    88  001051  80                 	db	128
    89  001052  3F                 	db	63
    90  001053  00                 	db	0
    91  001054  20                 	db	32
    92  001055  41                 	db	65
    93  001056  00                 	db	0
    94  001057  C8                 	db	200
    95  001058  42                 	db	66
    96  001059  00                 	db	0
    97  00105A  7A                 	db	122
    98  00105B  44                 	db	68
    99  00105C  40                 	db	64
   100  00105D  1C                 	db	28
   101  00105E  46                 	db	70
   102  00105F  50                 	db	80
   103  001060  C3                 	db	195
   104  001061  47                 	db	71
   105  001062  24                 	db	36
   106  001063  74                 	db	116
   107  001064  49                 	db	73
   108  001065  97                 	db	151
   109  001066  18                 	db	24
   110  001067  4B                 	db	75
   111  001068  BC                 	db	188
   112  001069  BE                 	db	190
   113  00106A  4C                 	db	76
   114  00106B  6B                 	db	107
   115  00106C  6E                 	db	110
   116  00106D  4E                 	db	78
   117  00106E  03                 	db	3
   118  00106F  15                 	db	21
   119  001070  50                 	db	80
   120  001071  79                 	db	121
   121  001072  AD                 	db	173
   122  001073  60                 	db	96
   123  001074  F3                 	db	243
   124  001075  49                 	db	73
   125  001076  71                 	db	113
   126  001077                     __end_of__powers_:
   127                           	opt stack 0
   128  001077                     _seven_seg_table:
   129                           	opt stack 0
   130  001077  FF                 	db	255
   131  001078  4F                 	db	79
   132  001079  12                 	db	18
   133  00107A  06                 	db	6
   134  00107B  4C                 	db	76
   135  00107C  24                 	db	36
   136  00107D  20                 	db	32
   137  00107E  0F                 	db	15
   138  00107F  00                 	db	0
   139  001080  04                 	db	4
   140  001081                     __end_of_seven_seg_table:
   141                           	opt stack 0
   142  0000                     _ADCON0	set	4034
   143  0000                     _ADCON0bits	set	4034
   144  0000                     _ADCON1	set	4033
   145  0000                     _ADCON2	set	4032
   146  0000                     _ADRESH	set	4036
   147  0000                     _ADRESL	set	4035
   148  0000                     _CCP2CON	set	4026
   149  0000                     _CCPR2L	set	4027
   150  0000                     _INTCONbits	set	4082
   151  0000                     _OSCCON	set	4051
   152  0000                     _PIE1bits	set	3997
   153  0000                     _PIR1bits	set	3998
   154  0000                     _PORTAbits	set	3968
   155  0000                     _PORTB	set	3969
   156  0000                     _PORTBbits	set	3969
   157  0000                     _PORTC	set	3970
   158  0000                     _PORTCbits	set	3970
   159  0000                     _PORTD	set	3971
   160  0000                     _PORTDbits	set	3971
   161  0000                     _PORTEbits	set	3972
   162  0000                     _PR2	set	4043
   163  0000                     _RCSTA	set	4011
   164  0000                     _RCSTAbits	set	4011
   165  0000                     _SPBRG	set	4015
   166  0000                     _SPBRGH	set	4016
   167  0000                     _T0CON	set	4053
   168  0000                     _T0CONbits	set	4053
   169  0000                     _T2CON	set	4042
   170  0000                     _TMR0H	set	4055
   171  0000                     _TMR0L	set	4054
   172  0000                     _TRISA	set	3986
   173  0000                     _TRISB	set	3987
   174  0000                     _TRISC	set	3988
   175  0000                     _TRISCbits	set	3988
   176  0000                     _TRISD	set	3989
   177  0000                     _TRISE	set	3990
   178  0000                     _TXREG	set	4013
   179  0000                     _TXSTA	set	4012
   180  0000                     _TXSTAbits	set	4012
   181  001081  0D                 	db	13
   182  001082  0A                 	db	10
   183  001083  56                 	db	86	;'V'
   184  001084  6F                 	db	111	;'o'
   185  001085  6C                 	db	108	;'l'
   186  001086  74                 	db	116	;'t'
   187  001087  61                 	db	97	;'a'
   188  001088  67                 	db	103	;'g'
   189  001089  65                 	db	101	;'e'
   190  00108A  3A                 	db	58	;':'
   191  00108B  20                 	db	32
   192  00108C  25                 	db	37
   193  00108D  2E                 	db	46
   194  00108E  32                 	db	50	;'2'
   195  00108F  66                 	db	102	;'f'
   196  001090  20                 	db	32
   197  001091  6D                 	db	109	;'m'
   198  001092  56                 	db	86	;'V'
   199  001093  0D                 	db	13
   200  001094  0A                 	db	10
   201  001095  00                 	db	0
   202  001096  53                 	db	83	;'S'
   203  001097  77                 	db	119	;'w'
   204  001098  69                 	db	105	;'i'
   205  001099  74                 	db	116	;'t'
   206  00109A  63                 	db	99	;'c'
   207  00109B  68                 	db	104	;'h'
   208  00109C  20                 	db	32
   209  00109D  53                 	db	83	;'S'
   210  00109E  74                 	db	116	;'t'
   211  00109F  61                 	db	97	;'a'
   212  0010A0  74                 	db	116	;'t'
   213  0010A1  75                 	db	117	;'u'
   214  0010A2  73                 	db	115	;'s'
   215  0010A3  3A                 	db	58	;':'
   216  0010A4  0D                 	db	13
   217  0010A5  0A                 	db	10
   218  0010A6  00                 	db	0
   219  0010A7  20                 	db	32
   220  0010A8  20                 	db	32
   221  0010A9  4E                 	db	78	;'N'
   222  0010AA  53                 	db	83	;'S'
   223  0010AB  4C                 	db	76	;'L'
   224  0010AC  54                 	db	84	;'T'
   225  0010AD  5F                 	db	95	;'_'
   226  0010AE  53                 	db	83	;'S'
   227  0010AF  57                 	db	87	;'W'
   228  0010B0  20                 	db	32
   229  0010B1  3A                 	db	58	;':'
   230  0010B2  20                 	db	32
   231  0010B3  25                 	db	37
   232  0010B4  73                 	db	115	;'s'
   233  0010B5  0D                 	db	13
   234  0010B6  0A                 	db	10
   235  0010B7  00                 	db	0
   236  0010B8  20                 	db	32
   237  0010B9  20                 	db	32
   238  0010BA  45                 	db	69	;'E'
   239  0010BB  57                 	db	87	;'W'
   240  0010BC  4C                 	db	76	;'L'
   241  0010BD  54                 	db	84	;'T'
   242  0010BE  5F                 	db	95	;'_'
   243  0010BF  53                 	db	83	;'S'
   244  0010C0  57                 	db	87	;'W'
   245  0010C1  20                 	db	32
   246  0010C2  3A                 	db	58	;':'
   247  0010C3  20                 	db	32
   248  0010C4  25                 	db	37
   249  0010C5  73                 	db	115	;'s'
   250  0010C6  0D                 	db	13
   251  0010C7  0A                 	db	10
   252  0010C8  00                 	db	0
   253  0010C9  20                 	db	32
   254  0010CA  20                 	db	32
   255  0010CB  4E                 	db	78	;'N'
   256  0010CC  53                 	db	83	;'S'
   257  0010CD  50                 	db	80	;'P'
   258  0010CE  45                 	db	69	;'E'
   259  0010CF  44                 	db	68	;'D'
   260  0010D0  5F                 	db	95	;'_'
   261  0010D1  53                 	db	83	;'S'
   262  0010D2  57                 	db	87	;'W'
   263  0010D3  3A                 	db	58	;':'
   264  0010D4  20                 	db	32
   265  0010D5  25                 	db	37
   266  0010D6  73                 	db	115	;'s'
   267  0010D7  0D                 	db	13
   268  0010D8  0A                 	db	10
   269  0010D9  00                 	db	0
   270  0010DA  20                 	db	32
   271  0010DB  20                 	db	32
   272  0010DC  45                 	db	69	;'E'
   273  0010DD  57                 	db	87	;'W'
   274  0010DE  50                 	db	80	;'P'
   275  0010DF  45                 	db	69	;'E'
   276  0010E0  44                 	db	68	;'D'
   277  0010E1  5F                 	db	95	;'_'
   278  0010E2  53                 	db	83	;'S'
   279  0010E3  57                 	db	87	;'W'
   280  0010E4  3A                 	db	58	;':'
   281  0010E5  20                 	db	32
   282  0010E6  25                 	db	37
   283  0010E7  73                 	db	115	;'s'
   284  0010E8  0D                 	db	13
   285  0010E9  0A                 	db	10
   286  0010EA  00                 	db	0
   287  0010EB  28                 	db	40
   288  0010EC  6E                 	db	110	;'n'
   289  0010ED  75                 	db	117	;'u'
   290  0010EE  6C                 	db	108	;'l'
   291  0010EF  6C                 	db	108	;'l'
   292  0010F0  29                 	db	41
   293  0010F1  00                 	db	0
   294  0010F2                     STR_5:
   295  0010F2  4F                 	db	79	;'O'
   296  0010F3  46                 	db	70	;'F'
   297  0010F4  46                 	db	70	;'F'
   298  0010F5  00                 	db	0
   299  0010F6                     STR_4:
   300  0010F6  4F                 	db	79	;'O'
   301  0010F7  4E                 	db	78	;'N'
   302  0010F8  00                 	db	0
   303  0000                     
   304                           ; #config settings
   305  0010F9  00                 	db	0	; dummy byte at the end
   306  0000                     
   307                           	psect	cinit
   308  001218                     __pcinit:
   309                           	opt stack 0
   310  001218                     start_initialization:
   311                           	opt stack 0
   312  001218                     __initialization:
   313                           	opt stack 0
   314                           
   315                           ; Clear objects allocated to COMRAM (1 bytes)
   316  001218  6A04               	clrf	__pbssCOMRAM& (0+255),c
   317  00121A                     end_of_initialization:
   318                           	opt stack 0
   319  00121A                     __end_of__initialization:
   320                           	opt stack 0
   321  00121A  0100               	movlb	0
   322  00121C  EFB5  F008         	goto	_main	;jump to C main() function
   323                           
   324                           	psect	bssCOMRAM
   325  000004                     __pbssCOMRAM:
   326                           	opt stack 0
   327  000004                     _USART_Status:
   328                           	opt stack 0
   329  000004                     	ds	1
   330                           
   331                           	psect	cstackCOMRAM
   332  000001                     __pcstackCOMRAM:
   333                           	opt stack 0
   334  000001                     WriteUSART@data:
   335                           	opt stack 0
   336  000001                     OpenUSART@spbrg:
   337                           	opt stack 0
   338                           
   339                           ; 2 bytes @ 0x0
   340  000001                     	ds	2
   341  000003                     OpenUSART@config:
   342                           	opt stack 0
   343                           
   344                           ; 1 bytes @ 0x2
   345  000003                     	ds	1
   346  000004                     
   347                           ; 0 bytes @ 0x3
   348 ;;
   349 ;;Main: autosize = 0, tempsize = 0, incstack = 0, save=0
   350 ;;
   351 ;; *************** function _main *****************
   352 ;; Defined at:
   353 ;;		line 391 in file "lab6.c"
   354 ;; Parameters:    Size  Location     Type
   355 ;;		None
   356 ;; Auto vars:     Size  Location     Type
   357 ;;		None
   358 ;; Return value:  Size  Location     Type
   359 ;;                  2  209[None  ] int 
   360 ;; Registers used:
   361 ;;		wreg, status,2, cstack
   362 ;; Tracked objects:
   363 ;;		On entry : 0/0
   364 ;;		On exit  : 0/0
   365 ;;		Unchanged: 0/0
   366 ;; Data sizes:     COMRAM   BANK0   BANK1   BANK2   BANK3   BANK4   BANK5   BANK6   BANK7   BANK8   BANK9  BANK10  BANK1
      +1  BANK12  BANK13  BANK14  BANK15
   367 ;;      Params:         0       0       0       0       0       0       0       0       0       0       0       0       
      +0       0       0       0       0
   368 ;;      Locals:         0       0       0       0       0       0       0       0       0       0       0       0       
      +0       0       0       0       0
   369 ;;      Temps:          0       0       0       0       0       0       0       0       0       0       0       0       
      +0       0       0       0       0
   370 ;;      Totals:         0       0       0       0       0       0       0       0       0       0       0       0       
      +0       0       0       0       0
   371 ;;Total ram usage:        0 bytes
   372 ;; Hardware stack levels required when called:    2
   373 ;; This function calls:
   374 ;;		_Init_ADC
   375 ;;		_Init_TRIS
   376 ;;		_Init_UART
   377 ;;		_Wait_One_Second
   378 ;;		_WriteUSART
   379 ;; This function is called by:
   380 ;;		Startup code after reset
   381 ;; This function uses a non-reentrant model
   382 ;;
   383                           
   384                           	psect	text0
   385  00116A                     __ptext0:
   386                           	opt stack 0
   387  00116A                     _main:
   388                           	opt stack 29
   389                           
   390                           ;lab6.c: 393: Init_TRIS();
   391                           
   392                           ;incstack = 0
   393  00116A  ECF3  F008         	call	_Init_TRIS	;wreg free
   394                           
   395                           ;lab6.c: 394: Init_UART();
   396  00116E  ECCD  F008         	call	_Init_UART	;wreg free
   397                           
   398                           ;lab6.c: 395: Init_ADC();
   399  001172  EC05  F009         	call	_Init_ADC	;wreg free
   400  001176  D000               	goto	l1331
   401  001178                     l1331:
   402                           
   403                           ;lab6.c: 398: {
   404                           ;lab6.c: 412: WriteUSART('H');
   405  001178  0E48               	movlw	72
   406  00117A  ECE8  F008         	call	_WriteUSART
   407                           
   408                           ;lab6.c: 413: WriteUSART('i');
   409  00117E  0E69               	movlw	105
   410  001180  ECE8  F008         	call	_WriteUSART
   411                           
   412                           ;lab6.c: 414: WriteUSART('\r');
   413  001184  0E0D               	movlw	13
   414  001186  ECE8  F008         	call	_WriteUSART
   415                           
   416                           ;lab6.c: 415: WriteUSART('\n');
   417  00118A  0E0A               	movlw	10
   418  00118C  ECE8  F008         	call	_WriteUSART
   419                           
   420                           ;lab6.c: 416: Wait_One_Second();
   421  001190  ECFE  F008         	call	_Wait_One_Second	;wreg free
   422  001194  D7F1               	goto	l1331
   423  001196  EF00  F000         	goto	start
   424  00119A                     __end_of_main:
   425                           	opt stack 0
   426                           
   427 ;; *************** function _WriteUSART *****************
   428 ;; Defined at:
   429 ;;		line 13 in file "C:\Program Files (x86)\Microchip\xc8\v1.34\sources\pic18\plib\USART\uwrite.c"
   430 ;; Parameters:    Size  Location     Type
   431 ;;  data            1    wreg     unsigned char 
   432 ;; Auto vars:     Size  Location     Type
   433 ;;  data            1    0[COMRAM] unsigned char 
   434 ;; Return value:  Size  Location     Type
   435 ;;		None               void
   436 ;; Registers used:
   437 ;;		wreg
   438 ;; Tracked objects:
   439 ;;		On entry : 0/0
   440 ;;		On exit  : 0/0
   441 ;;		Unchanged: 0/0
   442 ;; Data sizes:     COMRAM   BANK0   BANK1   BANK2   BANK3   BANK4   BANK5   BANK6   BANK7   BANK8   BANK9  BANK10  BANK1
      +1  BANK12  BANK13  BANK14  BANK15
   443 ;;      Params:         0       0       0       0       0       0       0       0       0       0       0       0       
      +0       0       0       0       0
   444 ;;      Locals:         1       0       0       0       0       0       0       0       0       0       0       0       
      +0       0       0       0       0
   445 ;;      Temps:          0       0       0       0       0       0       0       0       0       0       0       0       
      +0       0       0       0       0
   446 ;;      Totals:         1       0       0       0       0       0       0       0       0       0       0       0       
      +0       0       0       0       0
   447 ;;Total ram usage:        1 bytes
   448 ;; Hardware stack levels used:    1
   449 ;; This function calls:
   450 ;;		Nothing
   451 ;; This function is called by:
   452 ;;		_main
   453 ;; This function uses a non-reentrant model
   454 ;;
   455                           
   456                           	psect	text1
   457  0011D0                     __ptext1:
   458                           	opt stack 0
   459  0011D0                     _WriteUSART:
   460                           	opt stack 30
   461                           
   462                           ;incstack = 0
   463                           ;WriteUSART@data stored from wreg
   464  0011D0  6E01               	movwf	WriteUSART@data,c
   465  0011D2  ACAC               	btfss	4012,6,c	;volatile
   466  0011D4  D005               	goto	l1159
   467  0011D6  90AC               	bcf	4012,0,c	;volatile
   468  0011D8  A204               	btfss	_USART_Status,1,c
   469  0011DA  D002               	goto	l1159
   470  0011DC  80AC               	bsf	4012,0,c	;volatile
   471  0011DE  D000               	goto	l1159
   472  0011E0                     l1159:
   473  0011E0  C001  FFAD         	movff	WriteUSART@data,4013	;volatile
   474  0011E4  0012               	return		;funcret
   475  0011E6                     __end_of_WriteUSART:
   476                           	opt stack 0
   477                           
   478 ;; *************** function _Wait_One_Second *****************
   479 ;; Defined at:
   480 ;;		line 61 in file "lab6.c"
   481 ;; Parameters:    Size  Location     Type
   482 ;;		None
   483 ;; Auto vars:     Size  Location     Type
   484 ;;		None
   485 ;; Return value:  Size  Location     Type
   486 ;;		None               void
   487 ;; Registers used:
   488 ;;		wreg, status,2, cstack
   489 ;; Tracked objects:
   490 ;;		On entry : 0/0
   491 ;;		On exit  : 0/0
   492 ;;		Unchanged: 0/0
   493 ;; Data sizes:     COMRAM   BANK0   BANK1   BANK2   BANK3   BANK4   BANK5   BANK6   BANK7   BANK8   BANK9  BANK10  BANK1
      +1  BANK12  BANK13  BANK14  BANK15
   494 ;;      Params:         0       0       0       0       0       0       0       0       0       0       0       0       
      +0       0       0       0       0
   495 ;;      Locals:         0       0       0       0       0       0       0       0       0       0       0       0       
      +0       0       0       0       0
   496 ;;      Temps:          0       0       0       0       0       0       0       0       0       0       0       0       
      +0       0       0       0       0
   497 ;;      Totals:         0       0       0       0       0       0       0       0       0       0       0       0       
      +0       0       0       0       0
   498 ;;Total ram usage:        0 bytes
   499 ;; Hardware stack levels used:    1
   500 ;; Hardware stack levels required when called:    1
   501 ;; This function calls:
   502 ;;		_Wait_Half_Second
   503 ;; This function is called by:
   504 ;;		_main
   505 ;;		_Wait_N_Seconds
   506 ;; This function uses a non-reentrant model
   507 ;;
   508                           
   509                           	psect	text2
   510  0011FC                     __ptext2:
   511                           	opt stack 0
   512  0011FC                     _Wait_One_Second:
   513                           	opt stack 29
   514                           
   515                           ;lab6.c: 63: PORTDbits.RD7 = 1;
   516                           
   517                           ;incstack = 0
   518  0011FC  8E83               	bsf	3971,7,c	;volatile
   519                           
   520                           ;lab6.c: 64: Wait_Half_Second ();
   521  0011FE  ECDB  F008         	call	_Wait_Half_Second	;wreg free
   522                           
   523                           ;lab6.c: 65: PORTDbits.RD7 = 0;
   524  001202  9E83               	bcf	3971,7,c	;volatile
   525                           
   526                           ;lab6.c: 66: Wait_Half_Second ();
   527  001204  ECDB  F008         	call	_Wait_Half_Second	;wreg free
   528  001208  0012               	return		;funcret
   529  00120A                     __end_of_Wait_One_Second:
   530                           	opt stack 0
   531                           
   532 ;; *************** function _Wait_Half_Second *****************
   533 ;; Defined at:
   534 ;;		line 49 in file "lab6.c"
   535 ;; Parameters:    Size  Location     Type
   536 ;;		None
   537 ;; Auto vars:     Size  Location     Type
   538 ;;		None
   539 ;; Return value:  Size  Location     Type
   540 ;;		None               void
   541 ;; Registers used:
   542 ;;		wreg, status,2
   543 ;; Tracked objects:
   544 ;;		On entry : 0/0
   545 ;;		On exit  : 0/0
   546 ;;		Unchanged: 0/0
   547 ;; Data sizes:     COMRAM   BANK0   BANK1   BANK2   BANK3   BANK4   BANK5   BANK6   BANK7   BANK8   BANK9  BANK10  BANK1
      +1  BANK12  BANK13  BANK14  BANK15
   548 ;;      Params:         0       0       0       0       0       0       0       0       0       0       0       0       
      +0       0       0       0       0
   549 ;;      Locals:         0       0       0       0       0       0       0       0       0       0       0       0       
      +0       0       0       0       0
   550 ;;      Temps:          0       0       0       0       0       0       0       0       0       0       0       0       
      +0       0       0       0       0
   551 ;;      Totals:         0       0       0       0       0       0       0       0       0       0       0       0       
      +0       0       0       0       0
   552 ;;Total ram usage:        0 bytes
   553 ;; Hardware stack levels used:    1
   554 ;; This function calls:
   555 ;;		Nothing
   556 ;; This function is called by:
   557 ;;		_Wait_One_Second
   558 ;;		_Wait_One_Second_With_Beep
   559 ;; This function uses a non-reentrant model
   560 ;;
   561                           
   562                           	psect	text3
   563  0011B6                     __ptext3:
   564                           	opt stack 0
   565  0011B6                     _Wait_Half_Second:
   566                           	opt stack 29
   567                           
   568                           ;lab6.c: 51: T0CON = 0x04;
   569                           
   570                           ;incstack = 0
   571  0011B6  0E04               	movlw	4
   572  0011B8  6ED5               	movwf	4053,c	;volatile
   573                           
   574                           ;lab6.c: 52: TMR0L = 0xAE;
   575  0011BA  0EAE               	movlw	174
   576  0011BC  6ED6               	movwf	4054,c	;volatile
   577                           
   578                           ;lab6.c: 53: TMR0H = 0x85;
   579  0011BE  0E85               	movlw	133
   580  0011C0  6ED7               	movwf	4055,c	;volatile
   581                           
   582                           ;lab6.c: 54: INTCONbits.TMR0IF = 0;
   583  0011C2  94F2               	bcf	intcon,2,c	;volatile
   584                           
   585                           ;lab6.c: 55: T0CONbits.TMR0ON = 1;
   586  0011C4  8ED5               	bsf	4053,7,c	;volatile
   587                           
   588                           ;lab6.c: 56: while (INTCONbits.TMR0IF == 0);
   589  0011C6  D000               	goto	l93
   590  0011C8                     l93:
   591  0011C8  A4F2               	btfss	intcon,2,c	;volatile
   592  0011CA  D7FE               	goto	l93
   593                           
   594                           ;lab6.c: 57: T0CONbits.TMR0ON = 0;
   595  0011CC  9ED5               	bcf	4053,7,c	;volatile
   596  0011CE  0012               	return		;funcret
   597  0011D0                     __end_of_Wait_Half_Second:
   598                           	opt stack 0
   599                           intcon	equ	0xFF2
   600                           
   601 ;; *************** function _Init_UART *****************
   602 ;; Defined at:
   603 ;;		line 71 in file "lab6.c"
   604 ;; Parameters:    Size  Location     Type
   605 ;;		None
   606 ;; Auto vars:     Size  Location     Type
   607 ;;		None
   608 ;; Return value:  Size  Location     Type
   609 ;;		None               void
   610 ;; Registers used:
   611 ;;		wreg, status,2, cstack
   612 ;; Tracked objects:
   613 ;;		On entry : 0/0
   614 ;;		On exit  : 0/0
   615 ;;		Unchanged: 0/0
   616 ;; Data sizes:     COMRAM   BANK0   BANK1   BANK2   BANK3   BANK4   BANK5   BANK6   BANK7   BANK8   BANK9  BANK10  BANK1
      +1  BANK12  BANK13  BANK14  BANK15
   617 ;;      Params:         0       0       0       0       0       0       0       0       0       0       0       0       
      +0       0       0       0       0
   618 ;;      Locals:         0       0       0       0       0       0       0       0       0       0       0       0       
      +0       0       0       0       0
   619 ;;      Temps:          0       0       0       0       0       0       0       0       0       0       0       0       
      +0       0       0       0       0
   620 ;;      Totals:         0       0       0       0       0       0       0       0       0       0       0       0       
      +0       0       0       0       0
   621 ;;Total ram usage:        0 bytes
   622 ;; Hardware stack levels used:    1
   623 ;; Hardware stack levels required when called:    1
   624 ;; This function calls:
   625 ;;		_OpenUSART
   626 ;; This function is called by:
   627 ;;		_main
   628 ;; This function uses a non-reentrant model
   629 ;;
   630                           
   631                           	psect	text4
   632  00119A                     __ptext4:
   633                           	opt stack 0
   634  00119A                     _Init_UART:
   635                           	opt stack 29
   636                           
   637                           ;lab6.c: 73: OSCCON = 0x70;
   638                           
   639                           ;incstack = 0
   640  00119A  0E70               	movlw	112
   641  00119C  6ED3               	movwf	4051,c	;volatile
   642                           
   643                           ;lab6.c: 74: TRISCbits.TRISC6 = 0;
   644  00119E  9C94               	bcf	3988,6,c	;volatile
   645                           
   646                           ;lab6.c: 75: TRISCbits.TRISC7 = 1;
   647  0011A0  8E94               	bsf	3988,7,c	;volatile
   648                           
   649                           ;lab6.c: 77: OpenUSART(0b01111111 &
   650                           ;lab6.c: 78: 0b10111111 &
   651                           ;lab6.c: 79: 0b11111110 &
   652                           ;lab6.c: 80: 0b11111101 &
   653                           ;lab6.c: 81: 0b11111111 &
   654                           ;lab6.c: 82: 0b11111111, 25);
   655  0011A2  0E00               	movlw	0
   656  0011A4  6E02               	movwf	OpenUSART@spbrg+1,c
   657  0011A6  0E19               	movlw	25
   658  0011A8  6E01               	movwf	OpenUSART@spbrg,c
   659  0011AA  0E3C               	movlw	60
   660  0011AC  EC7D  F008         	call	_OpenUSART
   661                           
   662                           ;lab6.c: 84: TXSTAbits.TXEN = 1;
   663  0011B0  8AAC               	bsf	4012,5,c	;volatile
   664                           
   665                           ;lab6.c: 85: RCSTAbits.SPEN = 1;
   666  0011B2  8EAB               	bsf	4011,7,c	;volatile
   667  0011B4  0012               	return		;funcret
   668  0011B6                     __end_of_Init_UART:
   669                           	opt stack 0
   670                           intcon	equ	0xFF2
   671                           
   672 ;; *************** function _OpenUSART *****************
   673 ;; Defined at:
   674 ;;		line 73 in file "C:\Program Files (x86)\Microchip\xc8\v1.34\sources\pic18\plib\USART\uopen.c"
   675 ;; Parameters:    Size  Location     Type
   676 ;;  config          1    wreg     unsigned char 
   677 ;;  spbrg           2    0[COMRAM] unsigned int 
   678 ;; Auto vars:     Size  Location     Type
   679 ;;  config          1    2[COMRAM] unsigned char 
   680 ;; Return value:  Size  Location     Type
   681 ;;		None               void
   682 ;; Registers used:
   683 ;;		wreg, status,2
   684 ;; Tracked objects:
   685 ;;		On entry : 0/0
   686 ;;		On exit  : 0/0
   687 ;;		Unchanged: 0/0
   688 ;; Data sizes:     COMRAM   BANK0   BANK1   BANK2   BANK3   BANK4   BANK5   BANK6   BANK7   BANK8   BANK9  BANK10  BANK1
      +1  BANK12  BANK13  BANK14  BANK15
   689 ;;      Params:         2       0       0       0       0       0       0       0       0       0       0       0       
      +0       0       0       0       0
   690 ;;      Locals:         1       0       0       0       0       0       0       0       0       0       0       0       
      +0       0       0       0       0
   691 ;;      Temps:          0       0       0       0       0       0       0       0       0       0       0       0       
      +0       0       0       0       0
   692 ;;      Totals:         3       0       0       0       0       0       0       0       0       0       0       0       
      +0       0       0       0       0
   693 ;;Total ram usage:        3 bytes
   694 ;; Hardware stack levels used:    1
   695 ;; This function calls:
   696 ;;		Nothing
   697 ;; This function is called by:
   698 ;;		_Init_UART
   699 ;; This function uses a non-reentrant model
   700 ;;
   701                           
   702                           	psect	text5
   703  0010FA                     __ptext5:
   704                           	opt stack 0
   705  0010FA                     _OpenUSART:
   706                           	opt stack 29
   707                           
   708                           ;incstack = 0
   709                           ;OpenUSART@config stored from wreg
   710  0010FA  6E03               	movwf	OpenUSART@config,c
   711  0010FC  0E00               	movlw	0
   712  0010FE  6EAC               	movwf	4012,c	;volatile
   713  001100  0E00               	movlw	0
   714  001102  6EAB               	movwf	4011,c	;volatile
   715  001104  A003               	btfss	OpenUSART@config,0,c
   716  001106  D002               	goto	l1273
   717  001108  88AC               	bsf	4012,4,c	;volatile
   718  00110A  D000               	goto	l1273
   719  00110C                     l1273:
   720  00110C  A203               	btfss	OpenUSART@config,1,c
   721  00110E  D003               	goto	l1277
   722  001110  8CAC               	bsf	4012,6,c	;volatile
   723  001112  8CAB               	bsf	4011,6,c	;volatile
   724  001114  D000               	goto	l1277
   725  001116                     l1277:
   726  001116  A403               	btfss	OpenUSART@config,2,c
   727  001118  D002               	goto	l1281
   728  00111A  8EAC               	bsf	4012,7,c	;volatile
   729  00111C  D000               	goto	l1281
   730  00111E                     l1281:
   731  00111E  A603               	btfss	OpenUSART@config,3,c
   732  001120  D002               	goto	l341
   733  001122  88AB               	bsf	4011,4,c	;volatile
   734  001124  D002               	goto	l1285
   735  001126                     l341:
   736  001126  8AAB               	bsf	4011,5,c	;volatile
   737  001128  D000               	goto	l1285
   738  00112A                     l1285:
   739  00112A  B803               	btfsc	OpenUSART@config,4,c
   740  00112C  84AC               	bsf	4012,2,c	;volatile
   741  00112E  989E               	bcf	3998,4,c	;volatile
   742  001130  AA03               	btfss	OpenUSART@config,5,c
   743  001132  D002               	goto	l1293
   744  001134  86AB               	bsf	4011,3,c	;volatile
   745  001136  D000               	goto	l1293
   746  001138                     l1293:
   747  001138  AC03               	btfss	OpenUSART@config,6,c
   748  00113A  D002               	goto	l345
   749  00113C  8A9D               	bsf	3997,5,c	;volatile
   750  00113E  D001               	goto	l346
   751  001140                     l345:
   752  001140  9A9D               	bcf	3997,5,c	;volatile
   753  001142                     l346:
   754  001142  9A9E               	bcf	3998,5,c	;volatile
   755  001144  AE03               	btfss	OpenUSART@config,7,c
   756  001146  D002               	goto	l347
   757  001148  889D               	bsf	3997,4,c	;volatile
   758  00114A  D001               	goto	l348
   759  00114C                     l347:
   760  00114C  989D               	bcf	3997,4,c	;volatile
   761  00114E                     l348:
   762  00114E  C001  FFAF         	movff	OpenUSART@spbrg,4015	;volatile
   763  001152  5002               	movf	OpenUSART@spbrg+1,w,c
   764  001154  6EB0               	movwf	4016,c	;volatile
   765  001156  8AAC               	bsf	4012,5,c	;volatile
   766  001158  8EAB               	bsf	4011,7,c	;volatile
   767  00115A  9C94               	bcf	3988,6,c	;volatile
   768  00115C  8E94               	bsf	3988,7,c	;volatile
   769  00115E  B8AC               	btfsc	4012,4,c	;volatile
   770  001160  BEAC               	btfsc	4012,7,c	;volatile
   771  001162  D002               	goto	l350
   772  001164  8C94               	bsf	3988,6,c	;volatile
   773  001166  D000               	goto	l350
   774  001168                     l350:
   775  001168  0012               	return		;funcret
   776  00116A                     __end_of_OpenUSART:
   777                           	opt stack 0
   778                           intcon	equ	0xFF2
   779                           
   780 ;; *************** function _Init_TRIS *****************
   781 ;; Defined at:
   782 ;;		line 383 in file "lab6.c"
   783 ;; Parameters:    Size  Location     Type
   784 ;;		None
   785 ;; Auto vars:     Size  Location     Type
   786 ;;		None
   787 ;; Return value:  Size  Location     Type
   788 ;;		None               void
   789 ;; Registers used:
   790 ;;		wreg, status,2
   791 ;; Tracked objects:
   792 ;;		On entry : 0/0
   793 ;;		On exit  : 0/0
   794 ;;		Unchanged: 0/0
   795 ;; Data sizes:     COMRAM   BANK0   BANK1   BANK2   BANK3   BANK4   BANK5   BANK6   BANK7   BANK8   BANK9  BANK10  BANK1
      +1  BANK12  BANK13  BANK14  BANK15
   796 ;;      Params:         0       0       0       0       0       0       0       0       0       0       0       0       
      +0       0       0       0       0
   797 ;;      Locals:         0       0       0       0       0       0       0       0       0       0       0       0       
      +0       0       0       0       0
   798 ;;      Temps:          0       0       0       0       0       0       0       0       0       0       0       0       
      +0       0       0       0       0
   799 ;;      Totals:         0       0       0       0       0       0       0       0       0       0       0       0       
      +0       0       0       0       0
   800 ;;Total ram usage:        0 bytes
   801 ;; Hardware stack levels used:    1
   802 ;; This function calls:
   803 ;;		Nothing
   804 ;; This function is called by:
   805 ;;		_main
   806 ;; This function uses a non-reentrant model
   807 ;;
   808                           
   809                           	psect	text6
   810  0011E6                     __ptext6:
   811                           	opt stack 0
   812  0011E6                     _Init_TRIS:
   813                           	opt stack 30
   814                           
   815                           ;lab6.c: 384: TRISA = 0b11100001;
   816                           
   817                           ;incstack = 0
   818  0011E6  0EE1               	movlw	225
   819  0011E8  6E92               	movwf	3986,c	;volatile
   820                           
   821                           ;lab6.c: 385: TRISB = 0x00;
   822  0011EA  0E00               	movlw	0
   823  0011EC  6E93               	movwf	3987,c	;volatile
   824                           
   825                           ;lab6.c: 386: TRISC = 0x00;
   826  0011EE  0E00               	movlw	0
   827  0011F0  6E94               	movwf	3988,c	;volatile
   828                           
   829                           ;lab6.c: 387: TRISD = 0x00;
   830  0011F2  0E00               	movlw	0
   831  0011F4  6E95               	movwf	3989,c	;volatile
   832                           
   833                           ;lab6.c: 388: TRISE = 0x00;
   834  0011F6  0E00               	movlw	0
   835  0011F8  6E96               	movwf	3990,c	;volatile
   836  0011FA  0012               	return		;funcret
   837  0011FC                     __end_of_Init_TRIS:
   838                           	opt stack 0
   839                           intcon	equ	0xFF2
   840                           
   841 ;; *************** function _Init_ADC *****************
   842 ;; Defined at:
   843 ;;		line 373 in file "lab6.c"
   844 ;; Parameters:    Size  Location     Type
   845 ;;		None
   846 ;; Auto vars:     Size  Location     Type
   847 ;;		None
   848 ;; Return value:  Size  Location     Type
   849 ;;		None               void
   850 ;; Registers used:
   851 ;;		wreg, status,2
   852 ;; Tracked objects:
   853 ;;		On entry : 0/0
   854 ;;		On exit  : 0/0
   855 ;;		Unchanged: 0/0
   856 ;; Data sizes:     COMRAM   BANK0   BANK1   BANK2   BANK3   BANK4   BANK5   BANK6   BANK7   BANK8   BANK9  BANK10  BANK1
      +1  BANK12  BANK13  BANK14  BANK15
   857 ;;      Params:         0       0       0       0       0       0       0       0       0       0       0       0       
      +0       0       0       0       0
   858 ;;      Locals:         0       0       0       0       0       0       0       0       0       0       0       0       
      +0       0       0       0       0
   859 ;;      Temps:          0       0       0       0       0       0       0       0       0       0       0       0       
      +0       0       0       0       0
   860 ;;      Totals:         0       0       0       0       0       0       0       0       0       0       0       0       
      +0       0       0       0       0
   861 ;;Total ram usage:        0 bytes
   862 ;; Hardware stack levels used:    1
   863 ;; This function calls:
   864 ;;		Nothing
   865 ;; This function is called by:
   866 ;;		_main
   867 ;; This function uses a non-reentrant model
   868 ;;
   869                           
   870                           	psect	text7
   871  00120A                     __ptext7:
   872                           	opt stack 0
   873  00120A                     _Init_ADC:
   874                           	opt stack 30
   875                           
   876                           ;lab6.c: 374: ADCON0 = 0x01;
   877                           
   878                           ;incstack = 0
   879  00120A  0E01               	movlw	1
   880  00120C  6EC2               	movwf	4034,c	;volatile
   881                           
   882                           ;lab6.c: 375: ADCON1 = 0x0E;
   883  00120E  0E0E               	movlw	14
   884  001210  6EC1               	movwf	4033,c	;volatile
   885                           
   886                           ;lab6.c: 376: ADCON2 = 0xA9;
   887  001212  0EA9               	movlw	169
   888  001214  6EC0               	movwf	4032,c	;volatile
   889  001216  0012               	return		;funcret
   890  001218                     __end_of_Init_ADC:
   891                           	opt stack 0
   892                           intcon	equ	0xFF2
   893                           intcon	equ	0xFF2
   894                           
   895                           	psect	rparam
   896  0000                     intcon	equ	0xFF2


Data Sizes:
    Strings     120
    Constant    128
    Data        0
    BSS         1
    Persistent  0
    Stack       0

Auto Spaces:
    Space          Size  Autos    Used
    COMRAM          127      3       4
    BANK0           128      0       0
    BANK1           256      0       0
    BANK2           256      0       0
    BANK3           256      0       0
    BANK4           256      0       0
    BANK5           256      0       0
    BANK6           256      0       0
    BANK7           256      0       0
    BANK8           256      0       0
    BANK9           256      0       0
    BANK10          256      0       0
    BANK11          256      0       0
    BANK12          256      0       0
    BANK13          256      0       0
    BANK14          256      0       0
    BANK15          128      0       0

Pointer List with Targets:

    None.

Critical Paths under _main in COMRAM

    _Init_UART->_OpenUSART

Critical Paths under _main in BANK0

    None.

Critical Paths under _main in BANK1

    None.

Critical Paths under _main in BANK2

    None.

Critical Paths under _main in BANK3

    None.

Critical Paths under _main in BANK4

    None.

Critical Paths under _main in BANK5

    None.

Critical Paths under _main in BANK6

    None.

Critical Paths under _main in BANK7

    None.

Critical Paths under _main in BANK8

    None.

Critical Paths under _main in BANK9

    None.

Critical Paths under _main in BANK10

    None.

Critical Paths under _main in BANK11

    None.

Critical Paths under _main in BANK12

    None.

Critical Paths under _main in BANK13

    None.

Critical Paths under _main in BANK14

    None.

Critical Paths under _main in BANK15

    None.

Call Graph Tables:

 ---------------------------------------------------------------------------------
 (Depth) Function   	        Calls       Base Space   Used Autos Params    Refs
 ---------------------------------------------------------------------------------
 (0) _main                                                 0     0      0     288
                           _Init_ADC
                          _Init_TRIS
                          _Init_UART
                    _Wait_One_Second
                         _WriteUSART
 ---------------------------------------------------------------------------------
 (1) _WriteUSART                                           1     1      0      15
                                              0 COMRAM     1     1      0
 ---------------------------------------------------------------------------------
 (1) _Wait_One_Second                                      0     0      0       0
                   _Wait_Half_Second
 ---------------------------------------------------------------------------------
 (2) _Wait_Half_Second                                     0     0      0       0
 ---------------------------------------------------------------------------------
 (1) _Init_UART                                            0     0      0     273
                          _OpenUSART
 ---------------------------------------------------------------------------------
 (2) _OpenUSART                                            3     1      2     273
                                              0 COMRAM     3     1      2
 ---------------------------------------------------------------------------------
 (1) _Init_TRIS                                            0     0      0       0
 ---------------------------------------------------------------------------------
 (1) _Init_ADC                                             0     0      0       0
 ---------------------------------------------------------------------------------
 Estimated maximum stack depth 2
 ---------------------------------------------------------------------------------

 Call Graph Graphs:

 _main (ROOT)
   _Init_ADC
   _Init_TRIS
   _Init_UART
     _OpenUSART
   _Wait_One_Second
     _Wait_Half_Second
   _WriteUSART

 Address spaces:
Name               Size   Autos  Total    Cost      Usage
BIGRAM             F7F      0       0      37        0.0%
EEDATA             400      0       0       0        0.0%
BITBANK14          100      0       0      32        0.0%
BANK14             100      0       0      33        0.0%
BITBANK13          100      0       0      30        0.0%
BANK13             100      0       0      31        0.0%
BITBANK12          100      0       0      28        0.0%
BANK12             100      0       0      29        0.0%
BITBANK11          100      0       0      26        0.0%
BANK11             100      0       0      27        0.0%
BITBANK10          100      0       0      24        0.0%
BANK10             100      0       0      25        0.0%
BITBANK9           100      0       0      22        0.0%
BANK9              100      0       0      23        0.0%
BITBANK8           100      0       0      20        0.0%
BANK8              100      0       0      21        0.0%
BITBANK7           100      0       0      18        0.0%
BANK7              100      0       0      19        0.0%
BITBANK6           100      0       0      16        0.0%
BANK6              100      0       0      17        0.0%
BITBANK5           100      0       0      14        0.0%
BANK5              100      0       0      15        0.0%
BITBANK4           100      0       0      12        0.0%
BANK4              100      0       0      13        0.0%
BITBANK3           100      0       0      10        0.0%
BANK3              100      0       0      11        0.0%
BITBANK2           100      0       0       8        0.0%
BANK2              100      0       0       9        0.0%
BITBANK1           100      0       0       6        0.0%
BANK1              100      0       0       7        0.0%
BITBANK15           80      0       0      35        0.0%
BANK15              80      0       0      36        0.0%
BITBANK0            80      0       0       4        0.0%
BANK0               80      0       0       5        0.0%
BITCOMRAM           7F      0       0       0        0.0%
COMRAM              7F      3       4       1        3.1%
BITSFR               0      0       0      40        0.0%
SFR                  0      0       0      40        0.0%
STACK                0      0       0       2        0.0%
NULL                 0      0       0       0        0.0%
ABS                  0      0       4      34        0.0%
DATA                 0      0       4       3        0.0%
CODE                 0      0       0       0        0.0%


Microchip Technology PIC18 Macro Assembler V1.34 build -361300703 
Symbol Table                                                                                   Tue Oct 14 16:46:24 2025

                       l93 11C8                        l341 1126                        l350 1168  
                      l345 1140                        l346 1142                        l347 114C  
                      l348 114E          ?_Wait_Half_Second 0001                        _PR2 000FCB  
       ??_Wait_Half_Second 0001               __CFG_LVP$OFF 000000               __CFG_WDT$OFF 000000  
                     l1331 1178                       l1159 11E0                       l1281 111E  
                     l1273 110C                       l1293 1138                       l1285 112A  
                     l1277 1116                       STR_1 1081                       STR_2 1096  
                     STR_3 10C9                       STR_4 10F6                       STR_5 10F2  
                     STR_6 10DA                       STR_9 10A7                       _main 116A  
                     start 0000               ___param_bank 000010                      ?_main 0001  
                    STR_12 10B8                      STR_15 10EB                      _T0CON 000FD5  
                    _T2CON 000FCA                      _RCSTA 000FAB                      _TMR0H 000FD7  
                    _TMR0L 000FD6                      _SPBRG 000FAF                      _PORTB 000F81  
                    _PORTC 000F82                      _PORTD 000F83                      _TRISA 000F92  
                    _TRISB 000F93                      _TRISC 000F94                      _TRISD 000F95  
                    _TRISE 000F96                      _TXREG 000FAD                      _TXSTA 000FAC  
          __end_of_dpowers 1029          ??_Wait_One_Second 0001             __CFG_BOREN$OFF 000000  
           WriteUSART@data 0001            __initialization 1218               __end_of_main 119A  
         __end_of_Init_ADC 1218                     ??_main 0004              __activetblptr 000003  
                   _ADCON0 000FC2                     _ADCON1 000FC1                     _ADCON2 000FC0  
                   _ADRESH 000FC4                     _ADRESL 000FC3                     _CCPR2L 000FBB  
                   _OSCCON 000FD3         __size_of_Init_UART 001C         __size_of_Init_TRIS 0016  
                   _SPBRGH 000FB0           __end_of__powers_ 1077         __size_of_OpenUSART 0070  
             __mediumconst 0000                 __accesstop 0080    __end_of__initialization 121A  
            ___rparam_used 000001                 _WriteUSART 11D0             __pcstackCOMRAM 0001  
          _seven_seg_table 1077          __end_of_Init_UART 11B6          __end_of_Init_TRIS 11FC  
        __end_of_OpenUSART 116A                  ?_Init_ADC 0001  __size_of_Wait_Half_Second 001A  
                  _CCP2CON 000FBA            _Wait_One_Second 11FC                 ??_Init_ADC 0001  
  __end_of_seven_seg_table 1081          __end_of__npowers_ 1050                    __Hparam 0000  
                  __Lparam 0000                ?_WriteUSART 0001               __psmallconst 1000  
                  __pcinit 1218                    __ramtop 1000                    __ptext0 116A  
                  __ptext1 11D0                    __ptext2 11FC                    __ptext3 11B6  
                  __ptext4 119A                    __ptext5 10FA                    __ptext6 11E6  
                  __ptext7 120A                  _T0CONbits 000FD5                    _dpowers 1001  
     end_of_initialization 121A    __end_of_Wait_One_Second 120A                  _RCSTAbits 000FAB  
                _PORTAbits 000F80                  _PORTBbits 000F81                  _PORTCbits 000F82  
                _PORTDbits 000F83                  _PORTEbits 000F84                  _TRISCbits 000F94  
      __size_of_WriteUSART 0016           _Wait_Half_Second 11B6                  _TXSTAbits 000FAC  
      start_initialization 1218                  _Init_UART 119A                  _Init_TRIS 11E6  
                _OpenUSART 10FA           __CFG_OSC$INTIO67 000000          __size_of_Init_ADC 000E  
         ?_Wait_One_Second 0001                __pbssCOMRAM 0004                 ?_Init_UART 0001  
               ?_Init_TRIS 0001                 ?_OpenUSART 0001               ??_WriteUSART 0001  
                __npowers_ 1029                __smallconst 1000         __end_of_WriteUSART 11E6  
                 _PIE1bits 000F9D                   _PIR1bits 000F9E                 _ADCON0bits 000FC2  
 __end_of_Wait_Half_Second 11D0                ??_Init_UART 0004                ??_Init_TRIS 0001  
                 _Init_ADC 120A                ??_OpenUSART 0003            OpenUSART@config 0003  
                 __Hrparam 0000                   __Lrparam 0000                   __powers_ 1050  
            __size_of_main 0030                 _INTCONbits 000FF2             OpenUSART@spbrg 0001  
 __size_of_Wait_One_Second 000E               _USART_Status 0004  
