

Microchip Technology PIC18 LITE Macro Assembler V1.34 build -361300703 
                                                                                               Thu Sep 11 16:49:17 2025

Microchip Technology Omniscient Code Generator (Lite mode) build 201502162209
     1                           	processor	18F4620
     2                           	fnconf	rparam,??,?,0
     3                           	opt	pw 120
     4                           	opt	lm
     5                           	psect	text0,global,reloc=2,class=CODE,delta=1
     6                           	psect	cinit,global,reloc=2,class=CODE,delta=1
     7                           	psect	cstackCOMRAM,global,class=COMRAM,space=1,delta=1
     8                           	psect	intsave_regs,global,class=BIGRAM,space=1,delta=1
     9                           	psect	rparam,global,class=COMRAM,space=1,delta=1
    10  0000                     _ADCON1	set	4033
    11  0000                     _PORTA	set	3968
    12  0000                     _PORTB	set	3969
    13  0000                     _TRISA	set	3986
    14  0000                     _TRISB	set	3987
    15  0000                     _TRISC	set	3988
    16  0000                     _TRISD	set	3989
    17                           
    18 ;;
    19 ;;Main: autosize = 0, tempsize = 0, incstack = 0, save=0
    20 ;;
    21 ;; *************** function _main *****************
    22 ;; Defined at:
    23 ;;		line 13 in file "lab2p1.c"
    24 ;; Parameters:    Size  Location     Type
    25 ;;		None
    26 ;; Auto vars:     Size  Location     Type
    27 ;;  in_sw           1    0[COMRAM] unsigned char 
    28 ;; Return value:  Size  Location     Type
    29 ;;		None               void
    30 ;; Registers used:
    31 ;;		wreg, status,2, status,0
    32 ;; Tracked objects:
    33 ;;		On entry : 0/0
    34 ;;		On exit  : 0/0
    35 ;;		Unchanged: 0/0
    36 ;; Data sizes:     COMRAM   BANK0   BANK1   BANK2   BANK3   BANK4   BANK5   BANK6   BANK7   BANK8   BANK9  BANK10  BANK1
      +1  BANK12  BANK13  BANK14  BANK15
    37 ;;      Params:         0       0       0       0       0       0       0       0       0       0       0       0       
      +0       0       0       0       0
    38 ;;      Locals:         1       0       0       0       0       0       0       0       0       0       0       0       
      +0       0       0       0       0
    39 ;;      Temps:          0       0       0       0       0       0       0       0       0       0       0       0       
      +0       0       0       0       0
    40 ;;      Totals:         1       0       0       0       0       0       0       0       0       0       0       0       
      +0       0       0       0       0
    41 ;;Total ram usage:        1 bytes
    42 ;; This function calls:
    43 ;;		Nothing
    44 ;; This function is called by:
    45 ;;		Startup code after reset
    46 ;; This function uses a non-reentrant model
    47 ;;
    48                           
    49                           	psect	text0
    50  00FFD8                     __ptext0:
    51                           	opt stack 0
    52  00FFD8                     _main:
    53                           	opt stack 31
    54                           
    55                           ;lab2p1.c: 15: char in_sw;
    56                           ;lab2p1.c: 16: TRISA = 0x00;
    57                           
    58                           ;incstack = 0
    59  00FFD8  0E00               	movlw	0
    60  00FFDA  6E92               	movwf	3986,c	;volatile
    61                           
    62                           ;lab2p1.c: 17: TRISB = 0xFF;
    63  00FFDC  6893               	setf	3987,c	;volatile
    64                           
    65                           ;lab2p1.c: 18: ADCON1 = 0x0F;
    66  00FFDE  0E0F               	movlw	15
    67  00FFE0  6EC1               	movwf	4033,c	;volatile
    68                           
    69                           ;lab2p1.c: 19: TRISC = 0x00;
    70  00FFE2  0E00               	movlw	0
    71  00FFE4  6E94               	movwf	3988,c	;volatile
    72                           
    73                           ;lab2p1.c: 20: TRISD = 0x00;
    74  00FFE6  0E00               	movlw	0
    75  00FFE8  6E95               	movwf	3989,c	;volatile
    76  00FFEA  D000               	goto	l606
    77  00FFEC                     l606:
    78                           
    79                           ;lab2p1.c: 23: {
    80                           ;lab2p1.c: 24: in_sw = PORTB;
    81  00FFEC  CF81 F001          	movff	3969,main@in_sw	;volatile
    82                           
    83                           ;lab2p1.c: 25: in_sw = in_sw & 0x07;
    84  00FFF0  5001               	movf	main@in_sw,w,c
    85  00FFF2  0B07               	andlw	7
    86  00FFF4  6E01               	movwf	main@in_sw,c
    87                           
    88                           ;lab2p1.c: 27: PORTA = in_sw;
    89  00FFF6  C001  FF80         	movff	main@in_sw,3968	;volatile
    90  00FFFA  D7F8               	goto	l606
    91  00FFFC  EF00  F000         	goto	start
    92  010000                     __end_of_main:
    93                           	opt stack 0
    94  0000                     
    95                           	psect	cinit
    96  00FFD2                     __pcinit:
    97                           	opt stack 0
    98  00FFD2                     start_initialization:
    99                           	opt stack 0
   100  00FFD2                     __initialization:
   101                           	opt stack 0
   102  00FFD2                     end_of_initialization:
   103                           	opt stack 0
   104  00FFD2                     __end_of__initialization:
   105                           	opt stack 0
   106  00FFD2  0100               	movlb	0
   107  00FFD4  EFEC  F07F         	goto	_main	;jump to C main() function
   108                           
   109                           	psect	cstackCOMRAM
   110  000001                     __pcstackCOMRAM:
   111                           	opt stack 0
   112  000001                     main@in_sw:
   113                           	opt stack 0
   114                           
   115                           ; 1 bytes @ 0x0
   116  000001                     	ds	1
   117                           
   118                           	psect	rparam


Data Sizes:
    Strings     0
    Constant    0
    Data        0
    BSS         0
    Persistent  0
    Stack       0

Auto Spaces:
    Space          Size  Autos    Used
    COMRAM          127      1       1
    BANK0           128      0       0
    BANK1           256      0       0
    BANK2           256      0       0
    BANK3           256      0       0
    BANK4           256      0       0
    BANK5           256      0       0
    BANK6           256      0       0
    BANK7           256      0       0
    BANK8           256      0       0
    BANK9           256      0       0
    BANK10          256      0       0
    BANK11          256      0       0
    BANK12          256      0       0
    BANK13          256      0       0
    BANK14          256      0       0
    BANK15          128      0       0

Pointer List with Targets:

    None.

Critical Paths under _main in COMRAM

    None.

Critical Paths under _main in BANK0

    None.

Critical Paths under _main in BANK1

    None.

Critical Paths under _main in BANK2

    None.

Critical Paths under _main in BANK3

    None.

Critical Paths under _main in BANK4

    None.

Critical Paths under _main in BANK5

    None.

Critical Paths under _main in BANK6

    None.

Critical Paths under _main in BANK7

    None.

Critical Paths under _main in BANK8

    None.

Critical Paths under _main in BANK9

    None.

Critical Paths under _main in BANK10

    None.

Critical Paths under _main in BANK11

    None.

Critical Paths under _main in BANK12

    None.

Critical Paths under _main in BANK13

    None.

Critical Paths under _main in BANK14

    None.

Critical Paths under _main in BANK15

    None.

Call Graph Tables:

 ---------------------------------------------------------------------------------
 (Depth) Function   	        Calls       Base Space   Used Autos Params    Refs
 ---------------------------------------------------------------------------------
 (0) _main                                                 1     1      0      30
                                              0 COMRAM     1     1      0
 ---------------------------------------------------------------------------------
 Estimated maximum stack depth 0
 ---------------------------------------------------------------------------------

 Call Graph Graphs:

 _main (ROOT)

 Address spaces:
Name               Size   Autos  Total    Cost      Usage
BITCOMRAM           7F      0       0       0        0.0%
EEDATA             400      0       0       0        0.0%
NULL                 0      0       0       0        0.0%
CODE                 0      0       0       0        0.0%
COMRAM              7F      1       1       1        0.8%
STACK                0      0       0       2        0.0%
DATA                 0      0       0       3        0.0%
BITBANK0            80      0       0       4        0.0%
BANK0               80      0       0       5        0.0%
BITBANK1           100      0       0       6        0.0%
BANK1              100      0       0       7        0.0%
BITBANK2           100      0       0       8        0.0%
BANK2              100      0       0       9        0.0%
BITBANK3           100      0       0      10        0.0%
BANK3              100      0       0      11        0.0%
BITBANK4           100      0       0      12        0.0%
BANK4              100      0       0      13        0.0%
BITBANK5           100      0       0      14        0.0%
BANK5              100      0       0      15        0.0%
BITBANK6           100      0       0      16        0.0%
BANK6              100      0       0      17        0.0%
BITBANK7           100      0       0      18        0.0%
BANK7              100      0       0      19        0.0%
BITBANK8           100      0       0      20        0.0%
BANK8              100      0       0      21        0.0%
BITBANK9           100      0       0      22        0.0%
BANK9              100      0       0      23        0.0%
BITBANK10          100      0       0      24        0.0%
BANK10             100      0       0      25        0.0%
BITBANK11          100      0       0      26        0.0%
BANK11             100      0       0      27        0.0%
BITBANK12          100      0       0      28        0.0%
BANK12             100      0       0      29        0.0%
BITBANK13          100      0       0      30        0.0%
BANK13             100      0       0      31        0.0%
BITBANK14          100      0       0      32        0.0%
BANK14             100      0       0      33        0.0%
ABS                  0      0       0      34        0.0%
BITBANK15           80      0       0      35        0.0%
BANK15              80      0       0      36        0.0%
BIGRAM             F7F      0       0      37        0.0%
BITSFR               0      0       0      40        0.0%
SFR                  0      0       0      40        0.0%


Microchip Technology PIC18 Macro Assembler V1.34 build -361300703 
Symbol Table                                                                                   Thu Sep 11 16:49:17 2025

                    l606 FFEC             __CFG_LVP$OFF 000000             __CFG_WDT$OFF 000000  
                   _main FFD8                     start 0000             ___param_bank 000010  
                  ?_main 0001                    _PORTA 000F80                    _PORTB 000F81  
                  _TRISA 000F92                    _TRISB 000F93                    _TRISC 000F94  
                  _TRISD 000F95           __CFG_BOREN$OFF 000000          __initialization FFD2  
           __end_of_main 0000                   ??_main 0001            __activetblptr 000000  
                 _ADCON1 000FC1               __accesstop 0080  __end_of__initialization FFD2  
          ___rparam_used 000001           __pcstackCOMRAM 0001                  __Hparam 0000  
                __Lparam 0000                  __pcinit FFD2                  __ramtop 1000  
                __ptext0 FFD8     end_of_initialization FFD2      start_initialization FFD2  
       __CFG_OSC$INTIO67 000000                main@in_sw 0001                 __Hrparam 0000  
               __Lrparam 0000            __size_of_main 0028  
