Warning[205] C:\USERS\TAYLE\MPLABXV42\LAB3\PART1\LAB3P1.X\LAB3P1.ASM 2 : Found directive in column 1. (config)
Warning[205] C:\USERS\TAYLE\MPLABXV42\LAB3\PART1\LAB3P1.X\LAB3P1.ASM 3 : Found directive in column 1. (config)
Warning[205] C:\USERS\TAYLE\MPLABXV42\LAB3\PART1\LAB3P1.X\LAB3P1.ASM 4 : Found directive in column 1. (config)
Warning[205] C:\USERS\TAYLE\MPLABXV42\LAB3\PART1\LAB3P1.X\LAB3P1.ASM 5 : Found directive in column 1. (config)
Warning[205] C:\USERS\TAYLE\MPLABXV42\LAB3\PART1\LAB3P1.X\LAB3P1.ASM 11 : Found directive in column 1. (ORG)
Warning[203] C:\USERS\TAYLE\MPLABXV42\LAB3\PART1\LAB3P1.X\LAB3P1.ASM 19 : Found opcode in column 1. (MOVLW)
Warning[203] C:\USERS\TAYLE\MPLABXV42\LAB3\PART1\LAB3P1.X\LAB3P1.ASM 20 : Found opcode in column 1. (MOVWF)
Warning[203] C:\USERS\TAYLE\MPLABXV42\LAB3\PART1\LAB3P1.X\LAB3P1.ASM 23 : Found opcode in column 1. (MOVLW)
Warning[203] C:\USERS\TAYLE\MPLABXV42\LAB3\PART1\LAB3P1.X\LAB3P1.ASM 24 : Found opcode in column 1. (MOVWF)
Warning[203] C:\USERS\TAYLE\MPLABXV42\LAB3\PART1\LAB3P1.X\LAB3P1.ASM 29 : Found opcode in column 1. (MOVLW)
Warning[203] C:\USERS\TAYLE\MPLABXV42\LAB3\PART1\LAB3P1.X\LAB3P1.ASM 30 : Found opcode in column 1. (MOVWF)
Warning[203] C:\USERS\TAYLE\MPLABXV42\LAB3\PART1\LAB3P1.X\LAB3P1.ASM 32 : Found opcode in column 1. (NOP)
Warning[203] C:\USERS\TAYLE\MPLABXV42\LAB3\PART1\LAB3P1.X\LAB3P1.ASM 33 : Found opcode in column 1. (MOVLW)
Warning[203] C:\USERS\TAYLE\MPLABXV42\LAB3\PART1\LAB3P1.X\LAB3P1.ASM 34 : Found opcode in column 1. (MOVWF)
Warning[203] C:\USERS\TAYLE\MPLABXV42\LAB3\PART1\LAB3P1.X\LAB3P1.ASM 36 : Found opcode in column 1. (NOP)
Warning[203] C:\USERS\TAYLE\MPLABXV42\LAB3\PART1\LAB3P1.X\LAB3P1.ASM 37 : Found opcode in column 1. (DECF)
Warning[203] C:\USERS\TAYLE\MPLABXV42\LAB3\PART1\LAB3P1.X\LAB3P1.ASM 38 : Found opcode in column 1. (BNZ)
Warning[203] C:\USERS\TAYLE\MPLABXV42\LAB3\PART1\LAB3P1.X\LAB3P1.ASM 39 : Found opcode in column 1. (DECF)
Warning[203] C:\USERS\TAYLE\MPLABXV42\LAB3\PART1\LAB3P1.X\LAB3P1.ASM 40 : Found opcode in column 1. (BNZ)
Warning[203] C:\USERS\TAYLE\MPLABXV42\LAB3\PART1\LAB3P1.X\LAB3P1.ASM 41 : Found opcode in column 1. (RETURN)
